2019-06-08 11:10:52,327 INFO -------------------Starting Script /home/dan/Scripts/PlexUtils/UpdatePlexLibrary.py--------------------
2019-06-08 11:10:52,327 INFO Getting Plex X-Plex-Token for user: djj211@gmail.com
2019-06-08 11:10:52,970 INFO Token set successfully 201
2019-06-08 11:10:52,970 INFO New Token: ahA93ZcR8uDpneMuWMo1
2019-06-08 11:10:52,971 INFO Updating Plex Library: TV Shows
2019-06-08 11:10:52,971 INFO Looking up id for library TV Shows
2019-06-08 11:10:52,972 INFO Plex Token Already Set: ahA93ZcR8uDpneMuWMo1...Continuing
2019-06-08 11:10:52,972 INFO Getting id for Plex Library: TV Shows
2019-06-08 11:10:53,034 INFO Successfully Got Libary: id: 2
2019-06-08 11:10:53,085 INFO Successfully Updated Libary: 2
2019-06-08 11:10:53,086 INFO Updating Plex Library: Movies
2019-06-08 11:10:53,086 INFO Looking up id for library Movies
2019-06-08 11:10:53,086 INFO Plex Token Already Set: ahA93ZcR8uDpneMuWMo1...Continuing
2019-06-08 11:10:53,086 INFO Getting id for Plex Library: Movies
2019-06-08 11:10:53,144 INFO Successfully Got Libary: id: 3
2019-06-08 11:10:53,195 INFO Successfully Updated Libary: 3
2019-06-08 11:10:53,196 INFO Script /home/dan/Scripts/PlexUtils/UpdatePlexLibrary.py Complete
2019-06-08 11:10:53,196 INFO -------------------Starting Script /home/dan/Scripts/PlexUtils/UpdatePlexLibrary.py--------------------
2019-06-08 11:10:53,197 INFO Getting Plex X-Plex-Token for user: djj211@gmail.com
2019-06-08 11:10:53,869 INFO Token set successfully 201
2019-06-08 11:10:53,869 INFO New Token: ahA93ZcR8uDpneMuWMo1
2019-06-08 11:10:53,870 INFO Updating Plex Library: TV Shows
2019-06-08 11:10:53,870 INFO Looking up id for library TV Shows
2019-06-08 11:10:53,871 INFO Plex Token Already Set: ahA93ZcR8uDpneMuWMo1...Continuing
2019-06-08 11:10:53,871 INFO Getting id for Plex Library: TV Shows
2019-06-08 11:10:53,929 INFO Successfully Got Libary: id: 2
2019-06-08 11:10:53,983 INFO Successfully Updated Libary: 2
2019-06-08 11:10:53,983 INFO Updating Plex Library: Movies
2019-06-08 11:10:53,984 INFO Looking up id for library Movies
2019-06-08 11:10:53,984 INFO Plex Token Already Set: ahA93ZcR8uDpneMuWMo1...Continuing
2019-06-08 11:10:53,984 INFO Getting id for Plex Library: Movies
2019-06-08 11:10:54,041 INFO Successfully Got Libary: id: 3
2019-06-08 11:10:54,095 INFO Successfully Updated Libary: 3
2019-06-08 11:10:54,095 INFO Script /home/dan/Scripts/PlexUtils/UpdatePlexLibrary.py Complete
2019-06-08 11:50:01,481 INFO -------------------Starting Script /home/dan/Scripts/PlexUtils/UpdatePlexLibrary.py--------------------
2019-06-08 11:50:01,482 INFO Getting Plex X-Plex-Token for user: djj211@gmail.com
2019-06-08 11:50:02,145 INFO Token set successfully 201
2019-06-08 11:50:02,146 INFO New Token: ahA93ZcR8uDpneMuWMo1
2019-06-08 11:50:02,147 INFO Updating Plex Library: TV Shows
2019-06-08 11:50:02,147 INFO Looking up id for library TV Shows
2019-06-08 11:50:02,147 INFO Plex Token Already Set: ahA93ZcR8uDpneMuWMo1...Continuing
2019-06-08 11:50:02,148 INFO Getting id for Plex Library: TV Shows
2019-06-08 11:50:02,207 INFO Successfully Got Libary: id: 2
2019-06-08 11:50:02,259 INFO Successfully Updated Libary: 2
2019-06-08 11:50:02,260 INFO Updating Plex Library: Movies
2019-06-08 11:50:02,260 INFO Looking up id for library Movies
2019-06-08 11:50:02,260 INFO Plex Token Already Set: ahA93ZcR8uDpneMuWMo1...Continuing
2019-06-08 11:50:02,261 INFO Getting id for Plex Library: Movies
2019-06-08 11:50:02,315 INFO Successfully Got Libary: id: 3
2019-06-08 11:50:02,366 INFO Successfully Updated Libary: 3
2019-06-08 11:50:02,367 INFO Script /home/dan/Scripts/PlexUtils/UpdatePlexLibrary.py Complete
2019-06-08 11:50:02,367 INFO -------------------Starting Script /home/dan/Scripts/PlexUtils/UpdatePlexLibrary.py--------------------
2019-06-08 11:50:02,367 INFO Getting Plex X-Plex-Token for user: djj211@gmail.com
2019-06-08 11:50:03,006 INFO Token set successfully 201
2019-06-08 11:50:03,006 INFO New Token: ahA93ZcR8uDpneMuWMo1
2019-06-08 11:50:03,007 INFO Updating Plex Library: TV Shows
2019-06-08 11:50:03,007 INFO Looking up id for library TV Shows
2019-06-08 11:50:03,007 INFO Plex Token Already Set: ahA93ZcR8uDpneMuWMo1...Continuing
2019-06-08 11:50:03,008 INFO Getting id for Plex Library: TV Shows
2019-06-08 11:50:03,067 INFO Successfully Got Libary: id: 2
2019-06-08 11:50:03,121 INFO Successfully Updated Libary: 2
2019-06-08 11:50:03,122 INFO Updating Plex Library: Movies
2019-06-08 11:50:03,122 INFO Looking up id for library Movies
2019-06-08 11:50:03,122 INFO Plex Token Already Set: ahA93ZcR8uDpneMuWMo1...Continuing
2019-06-08 11:50:03,123 INFO Getting id for Plex Library: Movies
2019-06-08 11:50:03,184 INFO Successfully Got Libary: id: 3
2019-06-08 11:50:03,247 INFO Successfully Updated Libary: 3
2019-06-08 11:50:03,248 INFO Script /home/dan/Scripts/PlexUtils/UpdatePlexLibrary.py Complete
2019-06-09 03:06:02,811 INFO -------------------Starting Script /home/dan/Scripts/PlexUtils/UpdatePlexLibrary.py--------------------
2019-06-09 03:06:02,812 INFO Getting Plex X-Plex-Token for user: djj211@gmail.com
2019-06-09 03:06:03,451 INFO Token set successfully 201
2019-06-09 03:06:03,452 INFO New Token: ahA93ZcR8uDpneMuWMo1
2019-06-09 03:06:03,452 INFO Updating Plex Library: TV Shows
2019-06-09 03:06:03,453 INFO Looking up id for library TV Shows
2019-06-09 03:06:03,453 INFO Plex Token Already Set: ahA93ZcR8uDpneMuWMo1...Continuing
2019-06-09 03:06:03,453 INFO Getting id for Plex Library: TV Shows
2019-06-09 03:06:03,515 INFO Successfully Got Libary: id: 2
2019-06-09 03:06:03,567 INFO Successfully Updated Libary: 2
2019-06-09 03:06:03,568 INFO Updating Plex Library: Movies
2019-06-09 03:06:03,568 INFO Looking up id for library Movies
2019-06-09 03:06:03,568 INFO Plex Token Already Set: ahA93ZcR8uDpneMuWMo1...Continuing
2019-06-09 03:06:03,569 INFO Getting id for Plex Library: Movies
2019-06-09 03:06:03,627 INFO Successfully Got Libary: id: 3
2019-06-09 03:06:03,679 INFO Successfully Updated Libary: 3
2019-06-09 03:06:03,680 INFO Script /home/dan/Scripts/PlexUtils/UpdatePlexLibrary.py Complete
2019-06-09 08:10:01,977 INFO -------------------Starting Script /home/dan/Scripts/PlexUtils/UpdatePlexLibrary.py--------------------
2019-06-09 08:10:01,978 INFO Getting Plex X-Plex-Token for user: djj211@gmail.com
2019-06-09 08:10:02,653 INFO Token set successfully 201
2019-06-09 08:10:02,654 INFO New Token: ahA93ZcR8uDpneMuWMo1
2019-06-09 08:10:02,656 INFO Updating Plex Library: TV Shows
2019-06-09 08:10:02,656 INFO Looking up id for library TV Shows
2019-06-09 08:10:02,656 INFO Plex Token Already Set: ahA93ZcR8uDpneMuWMo1...Continuing
2019-06-09 08:10:02,656 INFO Getting id for Plex Library: TV Shows
2019-06-09 08:10:02,719 INFO Successfully Got Libary: id: 2
2019-06-09 08:10:02,770 INFO Successfully Updated Libary: 2
2019-06-09 08:10:02,771 INFO Updating Plex Library: Movies
2019-06-09 08:10:02,771 INFO Looking up id for library Movies
2019-06-09 08:10:02,772 INFO Plex Token Already Set: ahA93ZcR8uDpneMuWMo1...Continuing
2019-06-09 08:10:02,772 INFO Getting id for Plex Library: Movies
2019-06-09 08:10:02,829 INFO Successfully Got Libary: id: 3
2019-06-09 08:10:02,882 INFO Successfully Updated Libary: 3
2019-06-09 08:10:02,882 INFO Script /home/dan/Scripts/PlexUtils/UpdatePlexLibrary.py Complete
2019-06-09 08:11:50,937 INFO -------------------Starting Script ./UpdatePlexLibrary.py--------------------
2019-06-09 08:11:50,937 INFO Getting Plex X-Plex-Token for user: djj211@gmail.com
2019-06-09 08:11:51,584 INFO Token set successfully 201
2019-06-09 08:11:51,584 INFO New Token: ahA93ZcR8uDpneMuWMo1
2019-06-09 08:11:51,585 INFO Updating Plex Library: TV Shows
2019-06-09 08:11:51,586 INFO Looking up id for library TV Shows
2019-06-09 08:11:51,586 INFO Plex Token Already Set: ahA93ZcR8uDpneMuWMo1...Continuing
2019-06-09 08:11:51,586 INFO Getting id for Plex Library: TV Shows
2019-06-09 08:11:51,648 INFO Successfully Got Libary: id: 2
2019-06-09 08:11:51,699 INFO Successfully Updated Libary: 2
2019-06-09 08:11:51,699 INFO Updating Plex Library: Movies
2019-06-09 08:11:51,700 INFO Looking up id for library Movies
2019-06-09 08:11:51,700 INFO Plex Token Already Set: ahA93ZcR8uDpneMuWMo1...Continuing
2019-06-09 08:11:51,701 INFO Getting id for Plex Library: Movies
2019-06-09 08:11:51,759 INFO Successfully Got Libary: id: 3
2019-06-09 08:11:51,816 INFO Successfully Updated Libary: 3
2019-06-09 08:11:51,817 INFO Script ./UpdatePlexLibrary.py Complete
2019-06-09 09:24:05,990 INFO -------------------Starting Script UpdatePlexLibrary.py--------------------
2019-06-09 09:24:05,990 INFO Getting Plex X-Plex-Token for user: djj211@gmail.com
2019-06-09 09:24:06,658 INFO Token set successfully 201
2019-06-09 09:24:06,658 INFO New Token: ahA93ZcR8uDpneMuWMo1
2019-06-09 09:24:06,659 INFO Updating Plex Library: TV Shows
2019-06-09 09:24:06,659 INFO Looking up id for library TV Shows
2019-06-09 09:24:06,660 INFO Plex Token Already Set: ahA93ZcR8uDpneMuWMo1...Continuing
2019-06-09 09:24:06,660 INFO Getting id for Plex Library: TV Shows
2019-06-09 09:24:06,721 INFO Successfully Got Libary: id: 2
2019-06-09 09:24:06,773 INFO Successfully Updated Libary: 2
2019-06-09 09:24:06,773 INFO Updating Plex Library: Movies
2019-06-09 09:24:06,774 INFO Looking up id for library Movies
2019-06-09 09:24:06,774 INFO Plex Token Already Set: ahA93ZcR8uDpneMuWMo1...Continuing
2019-06-09 09:24:06,775 INFO Getting id for Plex Library: Movies
2019-06-09 09:24:06,833 INFO Successfully Got Libary: id: 3
2019-06-09 09:24:06,883 INFO Successfully Updated Libary: 3
2019-06-09 09:24:06,883 INFO Script UpdatePlexLibrary.py Complete
2019-06-09 09:25:59,116 INFO -------------------Starting Script UpdatePlexLibrary.py--------------------
2019-06-09 09:25:59,116 INFO Getting Plex X-Plex-Token for user: djj211@gmail.com
2019-06-09 09:25:59,763 INFO Token set successfully 201
2019-06-09 09:25:59,763 INFO New Token: ahA93ZcR8uDpneMuWMo1
2019-06-09 09:25:59,764 INFO Updating Plex Library: TV Shows
2019-06-09 09:25:59,764 INFO Looking up id for library TV Shows
2019-06-09 09:25:59,764 INFO Plex Token Already Set: ahA93ZcR8uDpneMuWMo1...Continuing
2019-06-09 09:25:59,764 INFO Getting id for Plex Library: TV Shows
2019-06-09 09:25:59,827 INFO Successfully Got Libary: id: 2
2019-06-09 09:25:59,881 INFO Successfully Updated Libary: 2
2019-06-09 09:25:59,881 INFO Updating Plex Library: Movies
2019-06-09 09:25:59,882 INFO Looking up id for library Movies
2019-06-09 09:25:59,882 INFO Plex Token Already Set: ahA93ZcR8uDpneMuWMo1...Continuing
2019-06-09 09:25:59,882 INFO Getting id for Plex Library: Movies
2019-06-09 09:25:59,942 INFO Successfully Got Libary: id: 3
2019-06-09 09:25:59,995 INFO Successfully Updated Libary: 3
2019-06-09 09:25:59,996 INFO Script UpdatePlexLibrary.py Complete
2019-06-09 09:29:24,638 INFO -------------------Starting Script UpdatePlexLibrary.py--------------------
2019-06-09 09:29:24,638 INFO Getting Plex X-Plex-Token for user: djj211@gmail.com
2019-06-09 09:29:25,452 INFO Token set successfully 201
2019-06-09 09:29:25,452 INFO New Token: ahA93ZcR8uDpneMuWMo1
2019-06-09 09:29:25,453 INFO Updating Plex Library: TV Shows
2019-06-09 09:29:25,453 INFO Looking up id for library TV Shows
2019-06-09 09:29:25,453 INFO Plex Token Already Set: ahA93ZcR8uDpneMuWMo1...Continuing
2019-06-09 09:29:25,453 INFO Getting id for Plex Library: TV Shows
2019-06-09 09:29:25,514 INFO Successfully Got Libary: id: 2
2019-06-09 09:29:25,565 INFO Successfully Updated Libary: 2
2019-06-09 09:29:25,565 INFO Updating Plex Library: Movies
2019-06-09 09:29:25,565 INFO Looking up id for library Movies
2019-06-09 09:29:25,565 INFO Plex Token Already Set: ahA93ZcR8uDpneMuWMo1...Continuing
2019-06-09 09:29:25,566 INFO Getting id for Plex Library: Movies
2019-06-09 09:29:25,623 INFO Successfully Got Libary: id: 3
2019-06-09 09:29:25,676 INFO Successfully Updated Libary: 3
2019-06-09 09:29:25,677 INFO Script UpdatePlexLibrary.py Complete
